-------------------------------------------------------------------------------
Test set: org.example.CalcTest
-------------------------------------------------------------------------------
Tests run: 1, Failures: 1, Errors: 0, Skipped: 0, Time elapsed: 0.016 s <<< FAILURE! - in org.example.CalcTest
testAddition  Time elapsed: 0.014 s  <<< FAILURE!
org.opentest4j.AssertionFailedError: expected: <2> but was: <8>
	at org.example.CalcTest.testAddition(CalcTest.java:11)

